<?xml version="1.0" encoding="UTF-8"?>
<testng-results skipped="0" failed="0" total="1" passed="1">
  <reporter-output>
  </reporter-output>
  <suite name="Default suite" duration-ms="14962" started-at="2015-05-03T12:21:00Z" finished-at="2015-05-03T12:21:15Z">
    <groups>
    </groups>
    <test name="Default test" duration-ms="14962" started-at="2015-05-03T12:21:00Z" finished-at="2015-05-03T12:21:15Z">
      <class name="com.plam.mavenlearn.AppTest">
        <test-method status="PASS" signature="initalAppiumSettings()[pri:0, instance:com.plam.mavenlearn.AppTest@1c68925]" name="initalAppiumSettings" is-config="true" duration-ms="7941" started-at="2015-05-03T20:21:00Z" finished-at="2015-05-03T20:21:08Z">
          <reporter-output>
          </reporter-output>
        </test-method> <!-- initalAppiumSettings -->
        <test-method status="PASS" signature="testCalculator()[pri:0, instance:com.plam.mavenlearn.AppTest@1c68925]" name="testCalculator" duration-ms="6069" started-at="2015-05-03T20:21:08Z" finished-at="2015-05-03T20:21:14Z">
          <reporter-output>
          </reporter-output>
        </test-method> <!-- testCalculator -->
        <test-method status="PASS" signature="tearDown()[pri:0, instance:com.plam.mavenlearn.AppTest@1c68925]" name="tearDown" is-config="true" duration-ms="936" started-at="2015-05-03T20:21:14Z" finished-at="2015-05-03T20:21:15Z">
          <reporter-output>
          </reporter-output>
        </test-method> <!-- tearDown -->
      </class> <!-- com.plam.mavenlearn.AppTest -->
    </test> <!-- Default test -->
  </suite> <!-- Default suite -->
</testng-results>
